<?xml version="1.0" encoding="UTF-8"?>
<!-- Generated by org.testng.reporters.JUnitReportReporter -->
<testsuite hostname="Sumit" name="qa.CrossBrowserTesting.CrossBrowserDemo" tests="3" failures="0" timestamp="19 Apr 2022 18:35:16 GMT" time="52.638" errors="0">
  <testcase name="verifypageTitle" time="13.196" classname="qa.CrossBrowserTesting.CrossBrowserDemo"/>
  <testcase name="verifypageTitle" time="24.196" classname="qa.CrossBrowserTesting.CrossBrowserDemo"/>
  <testcase name="verifypageTitle" time="15.246" classname="qa.CrossBrowserTesting.CrossBrowserDemo"/>
</testsuite> <!-- qa.CrossBrowserTesting.CrossBrowserDemo -->
